c:\users\t7094911\source\repos\hapi_start\hapi_start\x64\release\vc141.pdb
c:\users\t7094911\source\repos\hapi_start\hapi_start\x64\release\vector2d.obj
c:\users\t7094911\source\repos\hapi_start\hapi_start\x64\release\uibar.obj
c:\users\t7094911\source\repos\hapi_start\hapi_start\x64\release\sprite.obj
c:\users\t7094911\source\repos\hapi_start\hapi_start\x64\release\rectangle.obj
c:\users\t7094911\source\repos\hapi_start\hapi_start\x64\release\projectile.obj
c:\users\t7094911\source\repos\hapi_start\hapi_start\x64\release\playstate.obj
c:\users\t7094911\source\repos\hapi_start\hapi_start\x64\release\player.obj
c:\users\t7094911\source\repos\hapi_start\hapi_start\x64\release\pausemenu.obj
c:\users\t7094911\source\repos\hapi_start\hapi_start\x64\release\optionstate.obj
c:\users\t7094911\source\repos\hapi_start\hapi_start\x64\release\menustate.obj
c:\users\t7094911\source\repos\hapi_start\hapi_start\x64\release\main.obj
c:\users\t7094911\source\repos\hapi_start\hapi_start\x64\release\keyitembase.obj
c:\users\t7094911\source\repos\hapi_start\hapi_start\x64\release\inventory.obj
c:\users\t7094911\source\repos\hapi_start\hapi_start\x64\release\graphics.obj
c:\users\t7094911\source\repos\hapi_start\hapi_start\x64\release\gameover.obj
c:\users\t7094911\source\repos\hapi_start\hapi_start\x64\release\enemy.obj
c:\users\t7094911\source\repos\hapi_start\hapi_start\x64\release\collectable.obj
c:\users\t7094911\source\repos\hapi_start\hapi_start\x64\release\button.obj
c:\users\t7094911\source\repos\hapi_start\hapi_start\x64\release\background.obj
c:\users\t7094911\source\repos\hapi_start\hapi_start\x64\release\ai.obj
c:\users\t7094911\source\repos\hapi_start\hapi_start\x64\release\worldentity.obj
c:\users\t7094911\source\repos\hapi_start\hapi_start\x64\release\world.obj
c:\users\t7094911\source\repos\hapi_start\hapi_start\x64\release\wall.obj
c:\users\t7094911\source\repos\hapi_start\hapi_start\x64\release\gamestate.obj
c:\users\t7094911\source\repos\hapi_start\hapi_start\x64\release\mapstate.obj
c:\users\t7094911\source\repos\hapi_start\hapi_start\x64\release\door.obj
c:\users\t7094911\source\repos\hapi_start\hapi_start\x64\release\arsenal.obj
c:\users\t7094911\source\repos\hapi_start\hapi_start\x64\release\room.obj
c:\users\t7094911\source\repos\hapi_start\x64\release\hapi_start.exe
c:\users\t7094911\source\repos\hapi_start\x64\release\hapi_start.pdb
c:\users\t7094911\source\repos\hapi_start\hapi_start\x64\release\hapi_start.tlog\cl.command.1.tlog
c:\users\t7094911\source\repos\hapi_start\hapi_start\x64\release\hapi_start.tlog\cl.read.1.tlog
c:\users\t7094911\source\repos\hapi_start\hapi_start\x64\release\hapi_start.tlog\cl.write.1.tlog
c:\users\t7094911\source\repos\hapi_start\hapi_start\x64\release\hapi_start.tlog\link.command.1.tlog
c:\users\t7094911\source\repos\hapi_start\hapi_start\x64\release\hapi_start.tlog\link.read.1.tlog
c:\users\t7094911\source\repos\hapi_start\hapi_start\x64\release\hapi_start.tlog\link.write.1.tlog
