c:\users\t7094911\source\repos\hapi_start\hapi_start\x64\debug\vc141.pdb
c:\users\t7094911\source\repos\hapi_start\hapi_start\x64\debug\vc141.idb
c:\users\t7094911\source\repos\hapi_start\hapi_start\x64\debug\projectile.obj
c:\users\t7094911\source\repos\hapi_start\hapi_start\x64\debug\playstate.obj
c:\users\t7094911\source\repos\hapi_start\hapi_start\x64\debug\player.obj
c:\users\t7094911\source\repos\hapi_start\hapi_start\x64\debug\pausemenu.obj
c:\users\t7094911\source\repos\hapi_start\hapi_start\x64\debug\optionstate.obj
c:\users\t7094911\source\repos\hapi_start\hapi_start\x64\debug\menustate.obj
c:\users\t7094911\source\repos\hapi_start\hapi_start\x64\debug\mapstate.obj
c:\users\t7094911\source\repos\hapi_start\hapi_start\x64\debug\main.obj
c:\users\t7094911\source\repos\hapi_start\hapi_start\x64\debug\keyitembase.obj
c:\users\t7094911\source\repos\hapi_start\hapi_start\x64\debug\inventory.obj
c:\users\t7094911\source\repos\hapi_start\hapi_start\x64\debug\graphics.obj
c:\users\t7094911\source\repos\hapi_start\hapi_start\x64\debug\gamestate.obj
c:\users\t7094911\source\repos\hapi_start\hapi_start\x64\debug\gameover.obj
c:\users\t7094911\source\repos\hapi_start\hapi_start\x64\debug\enemy.obj
c:\users\t7094911\source\repos\hapi_start\hapi_start\x64\debug\door.obj
c:\users\t7094911\source\repos\hapi_start\hapi_start\x64\debug\collectable.obj
c:\users\t7094911\source\repos\hapi_start\hapi_start\x64\debug\button.obj
c:\users\t7094911\source\repos\hapi_start\hapi_start\x64\debug\background.obj
c:\users\t7094911\source\repos\hapi_start\hapi_start\x64\debug\arsenal.obj
c:\users\t7094911\source\repos\hapi_start\hapi_start\x64\debug\ai.obj
c:\users\t7094911\source\repos\hapi_start\hapi_start\x64\debug\worldentity.obj
c:\users\t7094911\source\repos\hapi_start\hapi_start\x64\debug\world.obj
c:\users\t7094911\source\repos\hapi_start\hapi_start\x64\debug\wall.obj
c:\users\t7094911\source\repos\hapi_start\hapi_start\x64\debug\vector2d.obj
c:\users\t7094911\source\repos\hapi_start\hapi_start\x64\debug\uibar.obj
c:\users\t7094911\source\repos\hapi_start\hapi_start\x64\debug\sprite.obj
c:\users\t7094911\source\repos\hapi_start\hapi_start\x64\debug\room.obj
c:\users\t7094911\source\repos\hapi_start\hapi_start\x64\debug\rectangle.obj
c:\users\t7094911\source\repos\hapi_start\hapi_start\x64\debug\sound.obj
c:\users\t7094911\source\repos\hapi_start\x64\debug\hapi_start.exe
c:\users\t7094911\source\repos\hapi_start\x64\debug\hapi_start.ilk
c:\users\t7094911\source\repos\hapi_start\x64\debug\hapi_start.pdb
c:\users\t7094911\source\repos\hapi_start\hapi_start\x64\debug\hapi_start.tlog\cl.command.1.tlog
c:\users\t7094911\source\repos\hapi_start\hapi_start\x64\debug\hapi_start.tlog\cl.read.1.tlog
c:\users\t7094911\source\repos\hapi_start\hapi_start\x64\debug\hapi_start.tlog\cl.write.1.tlog
c:\users\t7094911\source\repos\hapi_start\hapi_start\x64\debug\hapi_start.tlog\link.command.1.tlog
c:\users\t7094911\source\repos\hapi_start\hapi_start\x64\debug\hapi_start.tlog\link.read.1.tlog
c:\users\t7094911\source\repos\hapi_start\hapi_start\x64\debug\hapi_start.tlog\link.write.1.tlog
